<?xml version='1.0'?>
<ns2:test-suite xmlns:ns2='urn:model.allure.qatools.yandex.ru' start='1604837667246' stop='1604837707592'>
    <name>Add to Cart</name>
    <title>Add to Cart</title>
    <test-cases>
        <test-case start='1604837676049' status='passed' stop='1604837676062'>
            <name>Add to Cart Check the title and url on the Landing Page</name>
            <title>Add to Cart Check the title and url on the Landing Page</title>
            <labels/>
            <parameters/>
            <steps/>
            <attachments/>
            <description type='text'>tests/addToCart.test.js&lt;br>&lt;br>&lt;a class='link' href='jetbrains://web-storm/navigate/reference?project=Puppeteer-Jest-PageObjects-Framework&amp;path=tests/addToCart.test.js'>Открыть в WebStorm&lt;/a></description>
        </test-case>
        <test-case start='1604837676062' status='passed' stop='1604837683503'>
            <name>Add to Cart click on 20% discuont listed Item</name>
            <title>Add to Cart click on 20% discuont listed Item</title>
            <labels/>
            <parameters/>
            <steps/>
            <attachments/>
            <description type='text'>tests/addToCart.test.js&lt;br>&lt;br>&lt;a class='link' href='jetbrains://web-storm/navigate/reference?project=Puppeteer-Jest-PageObjects-Framework&amp;path=tests/addToCart.test.js'>Открыть в WebStorm&lt;/a></description>
        </test-case>
        <test-case start='1604837683503' status='passed' stop='1604837683947'>
            <name>Add to Cart Check whether the Shopping Cart is enabled and click item to add to Cart</name>
            <title>Add to Cart Check whether the Shopping Cart is enabled and click item to add to Cart</title>
            <labels/>
            <parameters/>
            <steps/>
            <attachments/>
            <description type='text'>tests/addToCart.test.js&lt;br>&lt;br>&lt;a class='link' href='jetbrains://web-storm/navigate/reference?project=Puppeteer-Jest-PageObjects-Framework&amp;path=tests/addToCart.test.js'>Открыть в WebStorm&lt;/a></description>
        </test-case>
        <test-case start='1604837683947' status='failed' stop='1604837687083'>
            <name>Add to Cart Verify whether the product added to Cart message is displayed</name>
            <title>Add to Cart Verify whether the product added to Cart message is displayed</title>
            <labels/>
            <parameters/>
            <steps/>
            <attachments>
                <attachment title='screenshot' source='a9bafb9e-15c8-4aa3-bbf4-63fc3b1e1cc9-attachment.png' type='image/png' size='706228'/>
            </attachments>
            <failure>
                <message>Error: expect(received).toBeTruthy()
                
                Received: false</message>
                <stack-trace>Error: expect(received).toBeTruthy()
                
                Received: false
                    at Object.&lt;anonymous> (/Users/Jay/Workspace/Puppeteer-Jest-PageObjects-Framework/tests/addToCart.test.js:37:27)</stack-trace>
            </failure>
            <description type='text'>tests/addToCart.test.js&lt;br>&lt;br>&lt;a class='link' href='jetbrains://web-storm/navigate/reference?project=Puppeteer-Jest-PageObjects-Framework&amp;path=tests/addToCart.test.js'>Открыть в WebStorm&lt;/a></description>
        </test-case>
        <test-case start='1604837687083' status='failed' stop='1604837707592'>
            <name>Add to Cart Verify the product count from the Cart</name>
            <title>Add to Cart Verify the product count from the Cart</title>
            <labels/>
            <parameters/>
            <steps/>
            <attachments>
                <attachment title='screenshot' source='a4178e3b-fa18-4fa9-8e0f-6bec2a311aac-attachment.png' type='image/png' size='654632'/>
            </attachments>
            <failure>
                <message>: Timeout - Async callback was not invoked within the 20000 ms timeout specified by jest.setTimeout.</message>
                <stack-trace>Timeout - Async callback was not invoked within the 20000 ms timeout specified by jest.setTimeout.Error: 
                    at new Spec (/Users/Jay/Workspace/Puppeteer-Jest-PageObjects-Framework/node_modules/jest-jasmine2/build/jasmine/Spec.js:116:22)
                    at new Spec (/Users/Jay/Workspace/Puppeteer-Jest-PageObjects-Framework/node_modules/jest-jasmine2/build/setup_jest_globals.js:78:9)
                    at specFactory (/Users/Jay/Workspace/Puppeteer-Jest-PageObjects-Framework/node_modules/jest-jasmine2/build/jasmine/Env.js:523:24)
                    at Env.it (/Users/Jay/Workspace/Puppeteer-Jest-PageObjects-Framework/node_modules/jest-jasmine2/build/jasmine/Env.js:592:24)
                    at Env.it (/Users/Jay/Workspace/Puppeteer-Jest-PageObjects-Framework/node_modules/jest-jasmine2/build/jasmineAsyncInstall.js:134:23)
                    at it (/Users/Jay/Workspace/Puppeteer-Jest-PageObjects-Framework/node_modules/jest-jasmine2/build/jasmine/jasmineLight.js:100:21)
                    at Suite.&lt;anonymous> (/Users/Jay/Workspace/Puppeteer-Jest-PageObjects-Framework/tests/addToCart.test.js:40:5)
                    at addSpecsToSuite (/Users/Jay/Workspace/Puppeteer-Jest-PageObjects-Framework/node_modules/jest-jasmine2/build/jasmine/Env.js:444:51)
                    at Env.describe (/Users/Jay/Workspace/Puppeteer-Jest-PageObjects-Framework/node_modules/jest-jasmine2/build/jasmine/Env.js:414:11)
                    at describe (/Users/Jay/Workspace/Puppeteer-Jest-PageObjects-Framework/node_modules/jest-jasmine2/build/jasmine/jasmineLight.js:88:18)</stack-trace>
            </failure>
            <description type='text'>tests/addToCart.test.js&lt;br>&lt;br>&lt;a class='link' href='jetbrains://web-storm/navigate/reference?project=Puppeteer-Jest-PageObjects-Framework&amp;path=tests/addToCart.test.js'>Открыть в WebStorm&lt;/a></description>
        </test-case>
    </test-cases>
</ns2:test-suite>