<?xml version='1.0'?>
<ns2:test-suite xmlns:ns2='urn:model.allure.qatools.yandex.ru' start='1604331547468' stop='1604331563348'>
    <name>Check Product Names Visible and Print it to Test Report</name>
    <title>Check Product Names Visible and Print it to Test Report</title>
    <test-cases>
        <test-case start='1604331554389' status='failed' stop='1604331555643'>
            <name>Check Product Names Visible and Print it to Test Report Check the title and url on the Landing Page</name>
            <title>Check Product Names Visible and Print it to Test Report Check the title and url on the Landing Page</title>
            <labels/>
            <parameters/>
            <steps/>
            <attachments>
                <attachment title='screenshot' source='9b22c695-ed9e-4ffa-ae4f-1e0b9b8cc05c-attachment.png' type='image/png' size='2437546'/>
            </attachments>
            <failure>
                <message>TypeError: Cannot read property 'currentTest' of undefined</message>
                <stack-trace>TypeError: Cannot read property 'currentTest' of undefined
                    at Object.&lt;anonymous> (/Users/Jay/Workspace/Puppeteer-Jest-PageObjects-Framework/tests/productNames.test.js:53:27)
                    at Object.asyncJestLifecycle (/Users/Jay/Workspace/Puppeteer-Jest-PageObjects-Framework/node_modules/jest-jasmine2/build/jasmineAsyncInstall.js:58:37)
                    at /Users/Jay/Workspace/Puppeteer-Jest-PageObjects-Framework/node_modules/jest-jasmine2/build/queueRunner.js:45:12
                    at new Promise (&lt;anonymous>)
                    at mapper (/Users/Jay/Workspace/Puppeteer-Jest-PageObjects-Framework/node_modules/jest-jasmine2/build/queueRunner.js:28:19)
                    at /Users/Jay/Workspace/Puppeteer-Jest-PageObjects-Framework/node_modules/jest-jasmine2/build/queueRunner.js:75:41
                    at processTicksAndRejections (internal/process/task_queues.js:97:5)</stack-trace>
            </failure>
            <description type='text'>tests/productNames.test.js&lt;br>&lt;br>&lt;a class='link' href='jetbrains://web-storm/navigate/reference?project=Puppeteer-Jest-PageObjects-Framework&amp;path=tests/productNames.test.js'>Открыть в WebStorm&lt;/a></description>
        </test-case>
        <test-case start='1604331555643' status='failed' stop='1604331556832'>
            <name>Check Product Names Visible and Print it to Test Report Check the product name: Faded Short Sleeve T-shirts is visible</name>
            <title>Check Product Names Visible and Print it to Test Report Check the product name: Faded Short Sleeve T-shirts is visible</title>
            <labels/>
            <parameters/>
            <steps/>
            <attachments>
                <attachment title='screenshot' source='5c1726f5-135e-431d-b7b9-f8b4977b64f5-attachment.png' type='image/png' size='2903033'/>
            </attachments>
            <failure>
                <message>TypeError: Cannot read property 'currentTest' of undefined</message>
                <stack-trace>TypeError: Cannot read property 'currentTest' of undefined
                    at Object.&lt;anonymous> (/Users/Jay/Workspace/Puppeteer-Jest-PageObjects-Framework/tests/productNames.test.js:53:27)
                    at Object.asyncJestLifecycle (/Users/Jay/Workspace/Puppeteer-Jest-PageObjects-Framework/node_modules/jest-jasmine2/build/jasmineAsyncInstall.js:58:37)
                    at /Users/Jay/Workspace/Puppeteer-Jest-PageObjects-Framework/node_modules/jest-jasmine2/build/queueRunner.js:45:12
                    at new Promise (&lt;anonymous>)
                    at mapper (/Users/Jay/Workspace/Puppeteer-Jest-PageObjects-Framework/node_modules/jest-jasmine2/build/queueRunner.js:28:19)
                    at /Users/Jay/Workspace/Puppeteer-Jest-PageObjects-Framework/node_modules/jest-jasmine2/build/queueRunner.js:75:41
                    at processTicksAndRejections (internal/process/task_queues.js:97:5)</stack-trace>
            </failure>
            <description type='text'>tests/productNames.test.js&lt;br>&lt;br>&lt;a class='link' href='jetbrains://web-storm/navigate/reference?project=Puppeteer-Jest-PageObjects-Framework&amp;path=tests/productNames.test.js'>Открыть в WebStorm&lt;/a></description>
        </test-case>
        <test-case start='1604331556832' status='failed' stop='1604331558029'>
            <name>Check Product Names Visible and Print it to Test Report Check the product name: Blouse is visible</name>
            <title>Check Product Names Visible and Print it to Test Report Check the product name: Blouse is visible</title>
            <labels/>
            <parameters/>
            <steps/>
            <attachments>
                <attachment title='screenshot' source='93bc9268-c31a-4ff1-8882-7ec4ad2587cc-attachment.png' type='image/png' size='2903033'/>
            </attachments>
            <failure>
                <message>TypeError: Cannot read property 'currentTest' of undefined</message>
                <stack-trace>TypeError: Cannot read property 'currentTest' of undefined
                    at Object.&lt;anonymous> (/Users/Jay/Workspace/Puppeteer-Jest-PageObjects-Framework/tests/productNames.test.js:53:27)
                    at Object.asyncJestLifecycle (/Users/Jay/Workspace/Puppeteer-Jest-PageObjects-Framework/node_modules/jest-jasmine2/build/jasmineAsyncInstall.js:58:37)
                    at /Users/Jay/Workspace/Puppeteer-Jest-PageObjects-Framework/node_modules/jest-jasmine2/build/queueRunner.js:45:12
                    at new Promise (&lt;anonymous>)
                    at mapper (/Users/Jay/Workspace/Puppeteer-Jest-PageObjects-Framework/node_modules/jest-jasmine2/build/queueRunner.js:28:19)
                    at /Users/Jay/Workspace/Puppeteer-Jest-PageObjects-Framework/node_modules/jest-jasmine2/build/queueRunner.js:75:41
                    at processTicksAndRejections (internal/process/task_queues.js:97:5)</stack-trace>
            </failure>
            <description type='text'>tests/productNames.test.js&lt;br>&lt;br>&lt;a class='link' href='jetbrains://web-storm/navigate/reference?project=Puppeteer-Jest-PageObjects-Framework&amp;path=tests/productNames.test.js'>Открыть в WebStorm&lt;/a></description>
        </test-case>
        <test-case start='1604331558029' status='failed' stop='1604331559102'>
            <name>Check Product Names Visible and Print it to Test Report Check the product name: Printed Dress is visible</name>
            <title>Check Product Names Visible and Print it to Test Report Check the product name: Printed Dress is visible</title>
            <labels/>
            <parameters/>
            <steps/>
            <attachments>
                <attachment title='screenshot' source='86f40e7f-6d35-498a-8f00-98d9a4a68876-attachment.png' type='image/png' size='2306575'/>
            </attachments>
            <failure>
                <message>TypeError: Cannot read property 'currentTest' of undefined</message>
                <stack-trace>TypeError: Cannot read property 'currentTest' of undefined
                    at Object.&lt;anonymous> (/Users/Jay/Workspace/Puppeteer-Jest-PageObjects-Framework/tests/productNames.test.js:53:27)
                    at Object.asyncJestLifecycle (/Users/Jay/Workspace/Puppeteer-Jest-PageObjects-Framework/node_modules/jest-jasmine2/build/jasmineAsyncInstall.js:58:37)
                    at /Users/Jay/Workspace/Puppeteer-Jest-PageObjects-Framework/node_modules/jest-jasmine2/build/queueRunner.js:45:12
                    at new Promise (&lt;anonymous>)
                    at mapper (/Users/Jay/Workspace/Puppeteer-Jest-PageObjects-Framework/node_modules/jest-jasmine2/build/queueRunner.js:28:19)
                    at /Users/Jay/Workspace/Puppeteer-Jest-PageObjects-Framework/node_modules/jest-jasmine2/build/queueRunner.js:75:41
                    at processTicksAndRejections (internal/process/task_queues.js:97:5)</stack-trace>
            </failure>
            <description type='text'>tests/productNames.test.js&lt;br>&lt;br>&lt;a class='link' href='jetbrains://web-storm/navigate/reference?project=Puppeteer-Jest-PageObjects-Framework&amp;path=tests/productNames.test.js'>Открыть в WebStorm&lt;/a></description>
        </test-case>
        <test-case start='1604331559102' status='failed' stop='1604331560143'>
            <name>Check Product Names Visible and Print it to Test Report Check the product name: Printed Dress Two is visible</name>
            <title>Check Product Names Visible and Print it to Test Report Check the product name: Printed Dress Two is visible</title>
            <labels/>
            <parameters/>
            <steps/>
            <attachments>
                <attachment title='screenshot' source='21bb28da-60b9-42f1-92f4-7b0ac8322e72-attachment.png' type='image/png' size='2306575'/>
            </attachments>
            <failure>
                <message>TypeError: Cannot read property 'currentTest' of undefined</message>
                <stack-trace>TypeError: Cannot read property 'currentTest' of undefined
                    at Object.&lt;anonymous> (/Users/Jay/Workspace/Puppeteer-Jest-PageObjects-Framework/tests/productNames.test.js:53:27)
                    at Object.asyncJestLifecycle (/Users/Jay/Workspace/Puppeteer-Jest-PageObjects-Framework/node_modules/jest-jasmine2/build/jasmineAsyncInstall.js:58:37)
                    at /Users/Jay/Workspace/Puppeteer-Jest-PageObjects-Framework/node_modules/jest-jasmine2/build/queueRunner.js:45:12
                    at new Promise (&lt;anonymous>)
                    at mapper (/Users/Jay/Workspace/Puppeteer-Jest-PageObjects-Framework/node_modules/jest-jasmine2/build/queueRunner.js:28:19)
                    at /Users/Jay/Workspace/Puppeteer-Jest-PageObjects-Framework/node_modules/jest-jasmine2/build/queueRunner.js:75:41
                    at processTicksAndRejections (internal/process/task_queues.js:97:5)</stack-trace>
            </failure>
            <description type='text'>tests/productNames.test.js&lt;br>&lt;br>&lt;a class='link' href='jetbrains://web-storm/navigate/reference?project=Puppeteer-Jest-PageObjects-Framework&amp;path=tests/productNames.test.js'>Открыть в WebStorm&lt;/a></description>
        </test-case>
        <test-case start='1604331560143' status='failed' stop='1604331561209'>
            <name>Check Product Names Visible and Print it to Test Report Check the product name: Printed Summer Dress is visible</name>
            <title>Check Product Names Visible and Print it to Test Report Check the product name: Printed Summer Dress is visible</title>
            <labels/>
            <parameters/>
            <steps/>
            <attachments>
                <attachment title='screenshot' source='e4511db2-dd91-4e8a-b537-43675428a612-attachment.png' type='image/png' size='2306575'/>
            </attachments>
            <failure>
                <message>TypeError: Cannot read property 'currentTest' of undefined</message>
                <stack-trace>TypeError: Cannot read property 'currentTest' of undefined
                    at Object.&lt;anonymous> (/Users/Jay/Workspace/Puppeteer-Jest-PageObjects-Framework/tests/productNames.test.js:53:27)
                    at Object.asyncJestLifecycle (/Users/Jay/Workspace/Puppeteer-Jest-PageObjects-Framework/node_modules/jest-jasmine2/build/jasmineAsyncInstall.js:58:37)
                    at /Users/Jay/Workspace/Puppeteer-Jest-PageObjects-Framework/node_modules/jest-jasmine2/build/queueRunner.js:45:12
                    at new Promise (&lt;anonymous>)
                    at mapper (/Users/Jay/Workspace/Puppeteer-Jest-PageObjects-Framework/node_modules/jest-jasmine2/build/queueRunner.js:28:19)
                    at /Users/Jay/Workspace/Puppeteer-Jest-PageObjects-Framework/node_modules/jest-jasmine2/build/queueRunner.js:75:41
                    at processTicksAndRejections (internal/process/task_queues.js:97:5)</stack-trace>
            </failure>
            <description type='text'>tests/productNames.test.js&lt;br>&lt;br>&lt;a class='link' href='jetbrains://web-storm/navigate/reference?project=Puppeteer-Jest-PageObjects-Framework&amp;path=tests/productNames.test.js'>Открыть в WebStorm&lt;/a></description>
        </test-case>
        <test-case start='1604331561209' status='failed' stop='1604331562277'>
            <name>Check Product Names Visible and Print it to Test Report Check the product name: Printed Summer Dress Two is visible</name>
            <title>Check Product Names Visible and Print it to Test Report Check the product name: Printed Summer Dress Two is visible</title>
            <labels/>
            <parameters/>
            <steps/>
            <attachments>
                <attachment title='screenshot' source='71bbb0c0-99b4-4064-8fc6-5b5e7343fdab-attachment.png' type='image/png' size='2437546'/>
            </attachments>
            <failure>
                <message>TypeError: Cannot read property 'currentTest' of undefined</message>
                <stack-trace>TypeError: Cannot read property 'currentTest' of undefined
                    at Object.&lt;anonymous> (/Users/Jay/Workspace/Puppeteer-Jest-PageObjects-Framework/tests/productNames.test.js:53:27)
                    at Object.asyncJestLifecycle (/Users/Jay/Workspace/Puppeteer-Jest-PageObjects-Framework/node_modules/jest-jasmine2/build/jasmineAsyncInstall.js:58:37)
                    at /Users/Jay/Workspace/Puppeteer-Jest-PageObjects-Framework/node_modules/jest-jasmine2/build/queueRunner.js:45:12
                    at new Promise (&lt;anonymous>)
                    at mapper (/Users/Jay/Workspace/Puppeteer-Jest-PageObjects-Framework/node_modules/jest-jasmine2/build/queueRunner.js:28:19)
                    at /Users/Jay/Workspace/Puppeteer-Jest-PageObjects-Framework/node_modules/jest-jasmine2/build/queueRunner.js:75:41
                    at processTicksAndRejections (internal/process/task_queues.js:97:5)</stack-trace>
            </failure>
            <description type='text'>tests/productNames.test.js&lt;br>&lt;br>&lt;a class='link' href='jetbrains://web-storm/navigate/reference?project=Puppeteer-Jest-PageObjects-Framework&amp;path=tests/productNames.test.js'>Открыть в WebStorm&lt;/a></description>
        </test-case>
        <test-case start='1604331562277' status='failed' stop='1604331563348'>
            <name>Check Product Names Visible and Print it to Test Report Check the product name: Printed Chiffon Dress is visible</name>
            <title>Check Product Names Visible and Print it to Test Report Check the product name: Printed Chiffon Dress is visible</title>
            <labels/>
            <parameters/>
            <steps/>
            <attachments>
                <attachment title='screenshot' source='fdef3098-4ea7-4fb5-8268-0ca3299a5737-attachment.png' type='image/png' size='2437546'/>
            </attachments>
            <failure>
                <message>TypeError: Cannot read property 'currentTest' of undefined</message>
                <stack-trace>TypeError: Cannot read property 'currentTest' of undefined
                    at Object.&lt;anonymous> (/Users/Jay/Workspace/Puppeteer-Jest-PageObjects-Framework/tests/productNames.test.js:53:27)
                    at Object.asyncJestLifecycle (/Users/Jay/Workspace/Puppeteer-Jest-PageObjects-Framework/node_modules/jest-jasmine2/build/jasmineAsyncInstall.js:58:37)
                    at /Users/Jay/Workspace/Puppeteer-Jest-PageObjects-Framework/node_modules/jest-jasmine2/build/queueRunner.js:45:12
                    at new Promise (&lt;anonymous>)
                    at mapper (/Users/Jay/Workspace/Puppeteer-Jest-PageObjects-Framework/node_modules/jest-jasmine2/build/queueRunner.js:28:19)
                    at /Users/Jay/Workspace/Puppeteer-Jest-PageObjects-Framework/node_modules/jest-jasmine2/build/queueRunner.js:75:41
                    at processTicksAndRejections (internal/process/task_queues.js:97:5)</stack-trace>
            </failure>
            <description type='text'>tests/productNames.test.js&lt;br>&lt;br>&lt;a class='link' href='jetbrains://web-storm/navigate/reference?project=Puppeteer-Jest-PageObjects-Framework&amp;path=tests/productNames.test.js'>Открыть в WebStorm&lt;/a></description>
        </test-case>
    </test-cases>
</ns2:test-suite>