<?xml version='1.0'?>
<ns2:test-suite xmlns:ns2='urn:model.allure.qatools.yandex.ru' start='1604335585013' stop='1604335600610'>
    <name>Check Product Names Visible and Print it to Test Report</name>
    <title>Check Product Names Visible and Print it to Test Report</title>
    <test-cases>
        <test-case start='1604335591271' status='failed' stop='1604335592504'>
            <name>Check Product Names Visible and Print it to Test Report Check the title and url on the Landing Page</name>
            <title>Check Product Names Visible and Print it to Test Report Check the title and url on the Landing Page</title>
            <labels/>
            <parameters/>
            <steps/>
            <attachments>
                <attachment title='screenshot' source='0b1751b5-d176-43ee-8025-3a1b8da644dc-attachment.png' type='image/png' size='2413927'/>
            </attachments>
            <failure>
                <message>TypeError: Cannot read property 'failedExpectations' of undefined</message>
                <stack-trace>TypeError: Cannot read property 'failedExpectations' of undefined
                    at Object.&lt;anonymous> (/Users/Jay/Workspace/Puppeteer-Jest-PageObjects-Framework/tests/productNames.test.js:67:22)
                    at Object.asyncJestLifecycle (/Users/Jay/Workspace/Puppeteer-Jest-PageObjects-Framework/node_modules/jest-jasmine2/build/jasmineAsyncInstall.js:58:37)
                    at /Users/Jay/Workspace/Puppeteer-Jest-PageObjects-Framework/node_modules/jest-jasmine2/build/queueRunner.js:45:12
                    at new Promise (&lt;anonymous>)
                    at mapper (/Users/Jay/Workspace/Puppeteer-Jest-PageObjects-Framework/node_modules/jest-jasmine2/build/queueRunner.js:28:19)
                    at /Users/Jay/Workspace/Puppeteer-Jest-PageObjects-Framework/node_modules/jest-jasmine2/build/queueRunner.js:75:41
                    at processTicksAndRejections (internal/process/task_queues.js:97:5)</stack-trace>
            </failure>
            <description type='text'>tests/productNames.test.js&lt;br>&lt;br>&lt;a class='link' href='jetbrains://web-storm/navigate/reference?project=Puppeteer-Jest-PageObjects-Framework&amp;path=tests/productNames.test.js'>Открыть в WebStorm&lt;/a></description>
        </test-case>
        <test-case start='1604335592504' status='failed' stop='1604335593787'>
            <name>Check Product Names Visible and Print it to Test Report Check the product name: Faded Short Sleeve T-shirts is visible</name>
            <title>Check Product Names Visible and Print it to Test Report Check the product name: Faded Short Sleeve T-shirts is visible</title>
            <labels/>
            <parameters/>
            <steps/>
            <attachments>
                <attachment title='screenshot' source='2c84d157-4f0b-48a3-aec3-41d9ac4159b3-attachment.png' type='image/png' size='2896875'/>
            </attachments>
            <failure>
                <message>TypeError: Cannot read property 'failedExpectations' of undefined</message>
                <stack-trace>TypeError: Cannot read property 'failedExpectations' of undefined
                    at Object.&lt;anonymous> (/Users/Jay/Workspace/Puppeteer-Jest-PageObjects-Framework/tests/productNames.test.js:67:22)
                    at Object.asyncJestLifecycle (/Users/Jay/Workspace/Puppeteer-Jest-PageObjects-Framework/node_modules/jest-jasmine2/build/jasmineAsyncInstall.js:58:37)
                    at /Users/Jay/Workspace/Puppeteer-Jest-PageObjects-Framework/node_modules/jest-jasmine2/build/queueRunner.js:45:12
                    at new Promise (&lt;anonymous>)
                    at mapper (/Users/Jay/Workspace/Puppeteer-Jest-PageObjects-Framework/node_modules/jest-jasmine2/build/queueRunner.js:28:19)
                    at /Users/Jay/Workspace/Puppeteer-Jest-PageObjects-Framework/node_modules/jest-jasmine2/build/queueRunner.js:75:41
                    at processTicksAndRejections (internal/process/task_queues.js:97:5)</stack-trace>
            </failure>
            <description type='text'>tests/productNames.test.js&lt;br>&lt;br>&lt;a class='link' href='jetbrains://web-storm/navigate/reference?project=Puppeteer-Jest-PageObjects-Framework&amp;path=tests/productNames.test.js'>Открыть в WebStorm&lt;/a></description>
        </test-case>
        <test-case start='1604335593787' status='failed' stop='1604335594951'>
            <name>Check Product Names Visible and Print it to Test Report Check the product name: Blouse is visible</name>
            <title>Check Product Names Visible and Print it to Test Report Check the product name: Blouse is visible</title>
            <labels/>
            <parameters/>
            <steps/>
            <attachments>
                <attachment title='screenshot' source='8f284edf-b878-4720-aa23-0cd269d9ff40-attachment.png' type='image/png' size='2880628'/>
            </attachments>
            <failure>
                <message>TypeError: Cannot read property 'failedExpectations' of undefined</message>
                <stack-trace>TypeError: Cannot read property 'failedExpectations' of undefined
                    at Object.&lt;anonymous> (/Users/Jay/Workspace/Puppeteer-Jest-PageObjects-Framework/tests/productNames.test.js:67:22)
                    at Object.asyncJestLifecycle (/Users/Jay/Workspace/Puppeteer-Jest-PageObjects-Framework/node_modules/jest-jasmine2/build/jasmineAsyncInstall.js:58:37)
                    at /Users/Jay/Workspace/Puppeteer-Jest-PageObjects-Framework/node_modules/jest-jasmine2/build/queueRunner.js:45:12
                    at new Promise (&lt;anonymous>)
                    at mapper (/Users/Jay/Workspace/Puppeteer-Jest-PageObjects-Framework/node_modules/jest-jasmine2/build/queueRunner.js:28:19)
                    at /Users/Jay/Workspace/Puppeteer-Jest-PageObjects-Framework/node_modules/jest-jasmine2/build/queueRunner.js:75:41
                    at processTicksAndRejections (internal/process/task_queues.js:97:5)</stack-trace>
            </failure>
            <description type='text'>tests/productNames.test.js&lt;br>&lt;br>&lt;a class='link' href='jetbrains://web-storm/navigate/reference?project=Puppeteer-Jest-PageObjects-Framework&amp;path=tests/productNames.test.js'>Открыть в WebStorm&lt;/a></description>
        </test-case>
        <test-case start='1604335594951' status='failed' stop='1604335596175'>
            <name>Check Product Names Visible and Print it to Test Report Check the product name: Printed Dress is visible</name>
            <title>Check Product Names Visible and Print it to Test Report Check the product name: Printed Dress is visible</title>
            <labels/>
            <parameters/>
            <steps/>
            <attachments>
                <attachment title='screenshot' source='5760b930-788c-485a-bc6c-7791623cc1f6-attachment.png' type='image/png' size='2880628'/>
            </attachments>
            <failure>
                <message>TypeError: Cannot read property 'failedExpectations' of undefined</message>
                <stack-trace>TypeError: Cannot read property 'failedExpectations' of undefined
                    at Object.&lt;anonymous> (/Users/Jay/Workspace/Puppeteer-Jest-PageObjects-Framework/tests/productNames.test.js:67:22)
                    at Object.asyncJestLifecycle (/Users/Jay/Workspace/Puppeteer-Jest-PageObjects-Framework/node_modules/jest-jasmine2/build/jasmineAsyncInstall.js:58:37)
                    at /Users/Jay/Workspace/Puppeteer-Jest-PageObjects-Framework/node_modules/jest-jasmine2/build/queueRunner.js:45:12
                    at new Promise (&lt;anonymous>)
                    at mapper (/Users/Jay/Workspace/Puppeteer-Jest-PageObjects-Framework/node_modules/jest-jasmine2/build/queueRunner.js:28:19)
                    at /Users/Jay/Workspace/Puppeteer-Jest-PageObjects-Framework/node_modules/jest-jasmine2/build/queueRunner.js:75:41
                    at processTicksAndRejections (internal/process/task_queues.js:97:5)</stack-trace>
            </failure>
            <description type='text'>tests/productNames.test.js&lt;br>&lt;br>&lt;a class='link' href='jetbrains://web-storm/navigate/reference?project=Puppeteer-Jest-PageObjects-Framework&amp;path=tests/productNames.test.js'>Открыть в WebStorm&lt;/a></description>
        </test-case>
        <test-case start='1604335596175' status='failed' stop='1604335597267'>
            <name>Check Product Names Visible and Print it to Test Report Check the product name: Printed Dress Two is visible</name>
            <title>Check Product Names Visible and Print it to Test Report Check the product name: Printed Dress Two is visible</title>
            <labels/>
            <parameters/>
            <steps/>
            <attachments>
                <attachment title='screenshot' source='8b0f57c7-05df-4d4e-b575-5bbae7410c71-attachment.png' type='image/png' size='2284828'/>
            </attachments>
            <failure>
                <message>TypeError: Cannot read property 'failedExpectations' of undefined</message>
                <stack-trace>TypeError: Cannot read property 'failedExpectations' of undefined
                    at Object.&lt;anonymous> (/Users/Jay/Workspace/Puppeteer-Jest-PageObjects-Framework/tests/productNames.test.js:67:22)
                    at Object.asyncJestLifecycle (/Users/Jay/Workspace/Puppeteer-Jest-PageObjects-Framework/node_modules/jest-jasmine2/build/jasmineAsyncInstall.js:58:37)
                    at /Users/Jay/Workspace/Puppeteer-Jest-PageObjects-Framework/node_modules/jest-jasmine2/build/queueRunner.js:45:12
                    at new Promise (&lt;anonymous>)
                    at mapper (/Users/Jay/Workspace/Puppeteer-Jest-PageObjects-Framework/node_modules/jest-jasmine2/build/queueRunner.js:28:19)
                    at /Users/Jay/Workspace/Puppeteer-Jest-PageObjects-Framework/node_modules/jest-jasmine2/build/queueRunner.js:75:41
                    at processTicksAndRejections (internal/process/task_queues.js:97:5)</stack-trace>
            </failure>
            <description type='text'>tests/productNames.test.js&lt;br>&lt;br>&lt;a class='link' href='jetbrains://web-storm/navigate/reference?project=Puppeteer-Jest-PageObjects-Framework&amp;path=tests/productNames.test.js'>Открыть в WebStorm&lt;/a></description>
        </test-case>
        <test-case start='1604335597267' status='failed' stop='1604335598362'>
            <name>Check Product Names Visible and Print it to Test Report Check the product name: Printed Summer Dress is visible</name>
            <title>Check Product Names Visible and Print it to Test Report Check the product name: Printed Summer Dress is visible</title>
            <labels/>
            <parameters/>
            <steps/>
            <attachments>
                <attachment title='screenshot' source='ed879d93-944e-4ebe-bf11-baf0eb0940e6-attachment.png' type='image/png' size='2284828'/>
            </attachments>
            <failure>
                <message>TypeError: Cannot read property 'failedExpectations' of undefined</message>
                <stack-trace>TypeError: Cannot read property 'failedExpectations' of undefined
                    at Object.&lt;anonymous> (/Users/Jay/Workspace/Puppeteer-Jest-PageObjects-Framework/tests/productNames.test.js:67:22)
                    at Object.asyncJestLifecycle (/Users/Jay/Workspace/Puppeteer-Jest-PageObjects-Framework/node_modules/jest-jasmine2/build/jasmineAsyncInstall.js:58:37)
                    at /Users/Jay/Workspace/Puppeteer-Jest-PageObjects-Framework/node_modules/jest-jasmine2/build/queueRunner.js:45:12
                    at new Promise (&lt;anonymous>)
                    at mapper (/Users/Jay/Workspace/Puppeteer-Jest-PageObjects-Framework/node_modules/jest-jasmine2/build/queueRunner.js:28:19)
                    at /Users/Jay/Workspace/Puppeteer-Jest-PageObjects-Framework/node_modules/jest-jasmine2/build/queueRunner.js:75:41
                    at processTicksAndRejections (internal/process/task_queues.js:97:5)</stack-trace>
            </failure>
            <description type='text'>tests/productNames.test.js&lt;br>&lt;br>&lt;a class='link' href='jetbrains://web-storm/navigate/reference?project=Puppeteer-Jest-PageObjects-Framework&amp;path=tests/productNames.test.js'>Открыть в WebStorm&lt;/a></description>
        </test-case>
        <test-case start='1604335598362' status='failed' stop='1604335599496'>
            <name>Check Product Names Visible and Print it to Test Report Check the product name: Printed Summer Dress Two is visible</name>
            <title>Check Product Names Visible and Print it to Test Report Check the product name: Printed Summer Dress Two is visible</title>
            <labels/>
            <parameters/>
            <steps/>
            <attachments>
                <attachment title='screenshot' source='235869eb-88ff-43cb-b427-8a2bcb3b1ab9-attachment.png' type='image/png' size='2297710'/>
            </attachments>
            <failure>
                <message>TypeError: Cannot read property 'failedExpectations' of undefined</message>
                <stack-trace>TypeError: Cannot read property 'failedExpectations' of undefined
                    at Object.&lt;anonymous> (/Users/Jay/Workspace/Puppeteer-Jest-PageObjects-Framework/tests/productNames.test.js:67:22)
                    at Object.asyncJestLifecycle (/Users/Jay/Workspace/Puppeteer-Jest-PageObjects-Framework/node_modules/jest-jasmine2/build/jasmineAsyncInstall.js:58:37)
                    at /Users/Jay/Workspace/Puppeteer-Jest-PageObjects-Framework/node_modules/jest-jasmine2/build/queueRunner.js:45:12
                    at new Promise (&lt;anonymous>)
                    at mapper (/Users/Jay/Workspace/Puppeteer-Jest-PageObjects-Framework/node_modules/jest-jasmine2/build/queueRunner.js:28:19)
                    at /Users/Jay/Workspace/Puppeteer-Jest-PageObjects-Framework/node_modules/jest-jasmine2/build/queueRunner.js:75:41
                    at processTicksAndRejections (internal/process/task_queues.js:97:5)</stack-trace>
            </failure>
            <description type='text'>tests/productNames.test.js&lt;br>&lt;br>&lt;a class='link' href='jetbrains://web-storm/navigate/reference?project=Puppeteer-Jest-PageObjects-Framework&amp;path=tests/productNames.test.js'>Открыть в WebStorm&lt;/a></description>
        </test-case>
        <test-case start='1604335599496' status='failed' stop='1604335600610'>
            <name>Check Product Names Visible and Print it to Test Report Check the product name: Printed Chiffon Dress is visible</name>
            <title>Check Product Names Visible and Print it to Test Report Check the product name: Printed Chiffon Dress is visible</title>
            <labels/>
            <parameters/>
            <steps/>
            <attachments>
                <attachment title='screenshot' source='c8ece0da-4c19-4f78-bf81-95a1368e1baf-attachment.png' type='image/png' size='2413927'/>
            </attachments>
            <failure>
                <message>TypeError: _LandingPage.default.printedChiffonDress1 is not a function</message>
                <stack-trace>TypeError: _LandingPage.default.printedChiffonDress1 is not a function
                    at Object.&lt;anonymous> (/Users/Jay/Workspace/Puppeteer-Jest-PageObjects-Framework/tests/productNames.test.js:48:21)
                    at Object.asyncJestTest (/Users/Jay/Workspace/Puppeteer-Jest-PageObjects-Framework/node_modules/jest-jasmine2/build/jasmineAsyncInstall.js:106:37)
                    at /Users/Jay/Workspace/Puppeteer-Jest-PageObjects-Framework/node_modules/jest-jasmine2/build/queueRunner.js:45:12
                    at new Promise (&lt;anonymous>)
                    at mapper (/Users/Jay/Workspace/Puppeteer-Jest-PageObjects-Framework/node_modules/jest-jasmine2/build/queueRunner.js:28:19)
                    at /Users/Jay/Workspace/Puppeteer-Jest-PageObjects-Framework/node_modules/jest-jasmine2/build/queueRunner.js:75:41
                    at processTicksAndRejections (internal/process/task_queues.js:97:5)</stack-trace>
            </failure>
            <description type='text'>tests/productNames.test.js&lt;br>&lt;br>&lt;a class='link' href='jetbrains://web-storm/navigate/reference?project=Puppeteer-Jest-PageObjects-Framework&amp;path=tests/productNames.test.js'>Открыть в WebStorm&lt;/a></description>
        </test-case>
    </test-cases>
</ns2:test-suite>