<?xml version='1.0'?>
<ns2:test-suite xmlns:ns2='urn:model.allure.qatools.yandex.ru' start='1604335695038' stop='1604335711494'>
    <name>Check Product Names Visible and Print it to Test Report</name>
    <title>Check Product Names Visible and Print it to Test Report</title>
    <test-cases>
        <test-case start='1604335701875' status='failed' stop='1604335703184'>
            <name>Check Product Names Visible and Print it to Test Report Check the title and url on the Landing Page</name>
            <title>Check Product Names Visible and Print it to Test Report Check the title and url on the Landing Page</title>
            <labels/>
            <parameters/>
            <steps/>
            <attachments>
                <attachment title='screenshot' source='387e9f07-4cd2-4c94-9f56-f2dc353c7397-attachment.png' type='image/png' size='2891711'/>
            </attachments>
            <failure>
                <message>TypeError: Cannot read property 'failedExpectations' of undefined</message>
                <stack-trace>TypeError: Cannot read property 'failedExpectations' of undefined
                    at Object.&lt;anonymous> (/Users/Jay/Workspace/Puppeteer-Jest-PageObjects-Framework/tests/productNames.test.js:67:27)
                    at Object.asyncJestLifecycle (/Users/Jay/Workspace/Puppeteer-Jest-PageObjects-Framework/node_modules/jest-jasmine2/build/jasmineAsyncInstall.js:58:37)
                    at /Users/Jay/Workspace/Puppeteer-Jest-PageObjects-Framework/node_modules/jest-jasmine2/build/queueRunner.js:45:12
                    at new Promise (&lt;anonymous>)
                    at mapper (/Users/Jay/Workspace/Puppeteer-Jest-PageObjects-Framework/node_modules/jest-jasmine2/build/queueRunner.js:28:19)
                    at /Users/Jay/Workspace/Puppeteer-Jest-PageObjects-Framework/node_modules/jest-jasmine2/build/queueRunner.js:75:41
                    at processTicksAndRejections (internal/process/task_queues.js:97:5)</stack-trace>
            </failure>
            <description type='text'>tests/productNames.test.js&lt;br>&lt;br>&lt;a class='link' href='jetbrains://web-storm/navigate/reference?project=Puppeteer-Jest-PageObjects-Framework&amp;path=tests/productNames.test.js'>Открыть в WebStorm&lt;/a></description>
        </test-case>
        <test-case start='1604335703184' status='failed' stop='1604335704414'>
            <name>Check Product Names Visible and Print it to Test Report Check the product name: Faded Short Sleeve T-shirts is visible</name>
            <title>Check Product Names Visible and Print it to Test Report Check the product name: Faded Short Sleeve T-shirts is visible</title>
            <labels/>
            <parameters/>
            <steps/>
            <attachments>
                <attachment title='screenshot' source='4d1027a2-beab-4a4b-8789-2a46311c9a43-attachment.png' type='image/png' size='2881197'/>
            </attachments>
            <failure>
                <message>TypeError: Cannot read property 'failedExpectations' of undefined</message>
                <stack-trace>TypeError: Cannot read property 'failedExpectations' of undefined
                    at Object.&lt;anonymous> (/Users/Jay/Workspace/Puppeteer-Jest-PageObjects-Framework/tests/productNames.test.js:67:27)
                    at Object.asyncJestLifecycle (/Users/Jay/Workspace/Puppeteer-Jest-PageObjects-Framework/node_modules/jest-jasmine2/build/jasmineAsyncInstall.js:58:37)
                    at /Users/Jay/Workspace/Puppeteer-Jest-PageObjects-Framework/node_modules/jest-jasmine2/build/queueRunner.js:45:12
                    at new Promise (&lt;anonymous>)
                    at mapper (/Users/Jay/Workspace/Puppeteer-Jest-PageObjects-Framework/node_modules/jest-jasmine2/build/queueRunner.js:28:19)
                    at /Users/Jay/Workspace/Puppeteer-Jest-PageObjects-Framework/node_modules/jest-jasmine2/build/queueRunner.js:75:41
                    at processTicksAndRejections (internal/process/task_queues.js:97:5)</stack-trace>
            </failure>
            <description type='text'>tests/productNames.test.js&lt;br>&lt;br>&lt;a class='link' href='jetbrains://web-storm/navigate/reference?project=Puppeteer-Jest-PageObjects-Framework&amp;path=tests/productNames.test.js'>Открыть в WebStorm&lt;/a></description>
        </test-case>
        <test-case start='1604335704414' status='failed' stop='1604335705657'>
            <name>Check Product Names Visible and Print it to Test Report Check the product name: Blouse is visible</name>
            <title>Check Product Names Visible and Print it to Test Report Check the product name: Blouse is visible</title>
            <labels/>
            <parameters/>
            <steps/>
            <attachments>
                <attachment title='screenshot' source='d1411b38-ff9c-4b9e-abcf-3477554a7ec0-attachment.png' type='image/png' size='2881197'/>
            </attachments>
            <failure>
                <message>TypeError: Cannot read property 'failedExpectations' of undefined</message>
                <stack-trace>TypeError: Cannot read property 'failedExpectations' of undefined
                    at Object.&lt;anonymous> (/Users/Jay/Workspace/Puppeteer-Jest-PageObjects-Framework/tests/productNames.test.js:67:27)
                    at Object.asyncJestLifecycle (/Users/Jay/Workspace/Puppeteer-Jest-PageObjects-Framework/node_modules/jest-jasmine2/build/jasmineAsyncInstall.js:58:37)
                    at /Users/Jay/Workspace/Puppeteer-Jest-PageObjects-Framework/node_modules/jest-jasmine2/build/queueRunner.js:45:12
                    at new Promise (&lt;anonymous>)
                    at mapper (/Users/Jay/Workspace/Puppeteer-Jest-PageObjects-Framework/node_modules/jest-jasmine2/build/queueRunner.js:28:19)
                    at /Users/Jay/Workspace/Puppeteer-Jest-PageObjects-Framework/node_modules/jest-jasmine2/build/queueRunner.js:75:41
                    at processTicksAndRejections (internal/process/task_queues.js:97:5)</stack-trace>
            </failure>
            <description type='text'>tests/productNames.test.js&lt;br>&lt;br>&lt;a class='link' href='jetbrains://web-storm/navigate/reference?project=Puppeteer-Jest-PageObjects-Framework&amp;path=tests/productNames.test.js'>Открыть в WebStorm&lt;/a></description>
        </test-case>
        <test-case start='1604335705657' status='failed' stop='1604335706841'>
            <name>Check Product Names Visible and Print it to Test Report Check the product name: Printed Dress is visible</name>
            <title>Check Product Names Visible and Print it to Test Report Check the product name: Printed Dress is visible</title>
            <labels/>
            <parameters/>
            <steps/>
            <attachments>
                <attachment title='screenshot' source='3ba2aedb-40c0-4e39-9273-cbf2521ed688-attachment.png' type='image/png' size='2284779'/>
            </attachments>
            <failure>
                <message>TypeError: Cannot read property 'failedExpectations' of undefined</message>
                <stack-trace>TypeError: Cannot read property 'failedExpectations' of undefined
                    at Object.&lt;anonymous> (/Users/Jay/Workspace/Puppeteer-Jest-PageObjects-Framework/tests/productNames.test.js:67:27)
                    at Object.asyncJestLifecycle (/Users/Jay/Workspace/Puppeteer-Jest-PageObjects-Framework/node_modules/jest-jasmine2/build/jasmineAsyncInstall.js:58:37)
                    at /Users/Jay/Workspace/Puppeteer-Jest-PageObjects-Framework/node_modules/jest-jasmine2/build/queueRunner.js:45:12
                    at new Promise (&lt;anonymous>)
                    at mapper (/Users/Jay/Workspace/Puppeteer-Jest-PageObjects-Framework/node_modules/jest-jasmine2/build/queueRunner.js:28:19)
                    at /Users/Jay/Workspace/Puppeteer-Jest-PageObjects-Framework/node_modules/jest-jasmine2/build/queueRunner.js:75:41
                    at runMicrotasks (&lt;anonymous>)
                    at processTicksAndRejections (internal/process/task_queues.js:97:5)</stack-trace>
            </failure>
            <description type='text'>tests/productNames.test.js&lt;br>&lt;br>&lt;a class='link' href='jetbrains://web-storm/navigate/reference?project=Puppeteer-Jest-PageObjects-Framework&amp;path=tests/productNames.test.js'>Открыть в WebStorm&lt;/a></description>
        </test-case>
        <test-case start='1604335706841' status='failed' stop='1604335708005'>
            <name>Check Product Names Visible and Print it to Test Report Check the product name: Printed Dress Two is visible</name>
            <title>Check Product Names Visible and Print it to Test Report Check the product name: Printed Dress Two is visible</title>
            <labels/>
            <parameters/>
            <steps/>
            <attachments>
                <attachment title='screenshot' source='6ec9b20c-abc7-4b38-ba69-e0715741b42d-attachment.png' type='image/png' size='2284779'/>
            </attachments>
            <failure>
                <message>TypeError: Cannot read property 'failedExpectations' of undefined</message>
                <stack-trace>TypeError: Cannot read property 'failedExpectations' of undefined
                    at Object.&lt;anonymous> (/Users/Jay/Workspace/Puppeteer-Jest-PageObjects-Framework/tests/productNames.test.js:67:27)
                    at Object.asyncJestLifecycle (/Users/Jay/Workspace/Puppeteer-Jest-PageObjects-Framework/node_modules/jest-jasmine2/build/jasmineAsyncInstall.js:58:37)
                    at /Users/Jay/Workspace/Puppeteer-Jest-PageObjects-Framework/node_modules/jest-jasmine2/build/queueRunner.js:45:12
                    at new Promise (&lt;anonymous>)
                    at mapper (/Users/Jay/Workspace/Puppeteer-Jest-PageObjects-Framework/node_modules/jest-jasmine2/build/queueRunner.js:28:19)
                    at /Users/Jay/Workspace/Puppeteer-Jest-PageObjects-Framework/node_modules/jest-jasmine2/build/queueRunner.js:75:41
                    at runMicrotasks (&lt;anonymous>)
                    at processTicksAndRejections (internal/process/task_queues.js:97:5)</stack-trace>
            </failure>
            <description type='text'>tests/productNames.test.js&lt;br>&lt;br>&lt;a class='link' href='jetbrains://web-storm/navigate/reference?project=Puppeteer-Jest-PageObjects-Framework&amp;path=tests/productNames.test.js'>Открыть в WebStorm&lt;/a></description>
        </test-case>
        <test-case start='1604335708005' status='failed' stop='1604335709121'>
            <name>Check Product Names Visible and Print it to Test Report Check the product name: Printed Summer Dress is visible</name>
            <title>Check Product Names Visible and Print it to Test Report Check the product name: Printed Summer Dress is visible</title>
            <labels/>
            <parameters/>
            <steps/>
            <attachments>
                <attachment title='screenshot' source='bce50a6c-f587-42d3-86f4-14328387146d-attachment.png' type='image/png' size='2414981'/>
            </attachments>
            <failure>
                <message>TypeError: Cannot read property 'failedExpectations' of undefined</message>
                <stack-trace>TypeError: Cannot read property 'failedExpectations' of undefined
                    at Object.&lt;anonymous> (/Users/Jay/Workspace/Puppeteer-Jest-PageObjects-Framework/tests/productNames.test.js:67:27)
                    at Object.asyncJestLifecycle (/Users/Jay/Workspace/Puppeteer-Jest-PageObjects-Framework/node_modules/jest-jasmine2/build/jasmineAsyncInstall.js:58:37)
                    at /Users/Jay/Workspace/Puppeteer-Jest-PageObjects-Framework/node_modules/jest-jasmine2/build/queueRunner.js:45:12
                    at new Promise (&lt;anonymous>)
                    at mapper (/Users/Jay/Workspace/Puppeteer-Jest-PageObjects-Framework/node_modules/jest-jasmine2/build/queueRunner.js:28:19)
                    at /Users/Jay/Workspace/Puppeteer-Jest-PageObjects-Framework/node_modules/jest-jasmine2/build/queueRunner.js:75:41
                    at runMicrotasks (&lt;anonymous>)
                    at processTicksAndRejections (internal/process/task_queues.js:97:5)</stack-trace>
            </failure>
            <description type='text'>tests/productNames.test.js&lt;br>&lt;br>&lt;a class='link' href='jetbrains://web-storm/navigate/reference?project=Puppeteer-Jest-PageObjects-Framework&amp;path=tests/productNames.test.js'>Открыть в WebStorm&lt;/a></description>
        </test-case>
        <test-case start='1604335709121' status='failed' stop='1604335710313'>
            <name>Check Product Names Visible and Print it to Test Report Check the product name: Printed Summer Dress Two is visible</name>
            <title>Check Product Names Visible and Print it to Test Report Check the product name: Printed Summer Dress Two is visible</title>
            <labels/>
            <parameters/>
            <steps/>
            <attachments>
                <attachment title='screenshot' source='7b4b2479-6673-4968-bf71-3f96147fb910-attachment.png' type='image/png' size='2413880'/>
            </attachments>
            <failure>
                <message>TypeError: Cannot read property 'failedExpectations' of undefined</message>
                <stack-trace>TypeError: Cannot read property 'failedExpectations' of undefined
                    at Object.&lt;anonymous> (/Users/Jay/Workspace/Puppeteer-Jest-PageObjects-Framework/tests/productNames.test.js:67:27)
                    at Object.asyncJestLifecycle (/Users/Jay/Workspace/Puppeteer-Jest-PageObjects-Framework/node_modules/jest-jasmine2/build/jasmineAsyncInstall.js:58:37)
                    at /Users/Jay/Workspace/Puppeteer-Jest-PageObjects-Framework/node_modules/jest-jasmine2/build/queueRunner.js:45:12
                    at new Promise (&lt;anonymous>)
                    at mapper (/Users/Jay/Workspace/Puppeteer-Jest-PageObjects-Framework/node_modules/jest-jasmine2/build/queueRunner.js:28:19)
                    at /Users/Jay/Workspace/Puppeteer-Jest-PageObjects-Framework/node_modules/jest-jasmine2/build/queueRunner.js:75:41
                    at runMicrotasks (&lt;anonymous>)
                    at processTicksAndRejections (internal/process/task_queues.js:97:5)</stack-trace>
            </failure>
            <description type='text'>tests/productNames.test.js&lt;br>&lt;br>&lt;a class='link' href='jetbrains://web-storm/navigate/reference?project=Puppeteer-Jest-PageObjects-Framework&amp;path=tests/productNames.test.js'>Открыть в WebStorm&lt;/a></description>
        </test-case>
        <test-case start='1604335710313' status='failed' stop='1604335711494'>
            <name>Check Product Names Visible and Print it to Test Report Check the product name: Printed Chiffon Dress is visible</name>
            <title>Check Product Names Visible and Print it to Test Report Check the product name: Printed Chiffon Dress is visible</title>
            <labels/>
            <parameters/>
            <steps/>
            <attachments>
                <attachment title='screenshot' source='2e111dc7-5f46-4398-9aca-9771b59c9f61-attachment.png' type='image/png' size='2413880'/>
            </attachments>
            <failure>
                <message>TypeError: _LandingPage.default.printedChiffonDress1 is not a function</message>
                <stack-trace>TypeError: _LandingPage.default.printedChiffonDress1 is not a function
                    at Object.&lt;anonymous> (/Users/Jay/Workspace/Puppeteer-Jest-PageObjects-Framework/tests/productNames.test.js:48:21)
                    at Object.asyncJestTest (/Users/Jay/Workspace/Puppeteer-Jest-PageObjects-Framework/node_modules/jest-jasmine2/build/jasmineAsyncInstall.js:106:37)
                    at /Users/Jay/Workspace/Puppeteer-Jest-PageObjects-Framework/node_modules/jest-jasmine2/build/queueRunner.js:45:12
                    at new Promise (&lt;anonymous>)
                    at mapper (/Users/Jay/Workspace/Puppeteer-Jest-PageObjects-Framework/node_modules/jest-jasmine2/build/queueRunner.js:28:19)
                    at /Users/Jay/Workspace/Puppeteer-Jest-PageObjects-Framework/node_modules/jest-jasmine2/build/queueRunner.js:75:41
                    at runMicrotasks (&lt;anonymous>)
                    at processTicksAndRejections (internal/process/task_queues.js:97:5)</stack-trace>
            </failure>
            <description type='text'>tests/productNames.test.js&lt;br>&lt;br>&lt;a class='link' href='jetbrains://web-storm/navigate/reference?project=Puppeteer-Jest-PageObjects-Framework&amp;path=tests/productNames.test.js'>Открыть в WebStorm&lt;/a></description>
        </test-case>
    </test-cases>
</ns2:test-suite>